<?xml version="1.0" encoding="UTF-8"?>
<!-- Generated by org.testng.reporters.JUnitReportReporter -->
<testsuite skipped="0" hostname="LAPTOP-5F236986" name="com.demoAutomationsite.testcases.ADS_register" tests="1" failures="0" timestamp="28 Feb 2019 12:00:30 GMT" time="10.985" errors="0">
  <testcase name="register_ads" time="10.985" classname="com.demoAutomationsite.testcases.ADS_register"/>
</testsuite> <!-- com.demoAutomationsite.testcases.ADS_register -->
