<?xml version="1.0" encoding="UTF-8"?>
<!-- Generated by org.testng.reporters.JUnitReportReporter -->
<testsuite skipped="0" hostname="Mejin56-PC" name="com.demoAutomationsite.testcases.ADS_register" tests="1" failures="0" timestamp="19 Feb 2019 03:24:11 GMT" time="16.065" errors="0">
  <testcase name="register_ads" time="16.065" classname="com.demoAutomationsite.testcases.ADS_register"/>
</testsuite> <!-- com.demoAutomationsite.testcases.ADS_register -->
